# JRE version: OpenJDK Runtime Environment Corretto-17.0.14.7.1 (17.0.14+7) (build 17.0.14+7-LTS)
# Java VM: OpenJDK 64-Bit Server VM Corretto-17.0.14.7.1 (17.0.14+7-LTS, mixed mode, emulated-client, sharing, tiered, compressed oops, compressed class ptrs, g1 gc, windows-amd64)
GC Precious Log:
 CPUs: 8 total, 8 available
 Memory: 7975M
 Large Page Support: Disabled
 NUMA Support: Disabled
 Compressed Oops: Enabled (32-bit)
 Heap Region Size: 1M
 Heap Min Capacity: 8M
 Heap Initial Capacity: 126M
 Heap Max Capacity: 1994M
 Pre-touch: Disabled
 Parallel Workers: 8
 Concurrent Workers: 2
 Concurrent Refinement Workers: 8
 Periodic GC: Disabled
Heap:
 garbage-first heap   total 70656K, used 23220K [0x0000000083600000, 0x0000000100000000)
  region size 1024K, 4 young (4096K), 4 survivors (4096K)
 Metaspace       used 43145K, committed 43648K, reserved 1114112K
  class space    used 6098K, committed 6336K, reserved 1048576K
GC Heap History (17 events):
Event: 0.795 GC heap before
{Heap before GC invocations=0 (full 0):
 garbage-first heap   total 129024K, used 24576K [0x0000000083600000, 0x0000000100000000)
  region size 1024K, 23 young (23552K), 0 survivors (0K)
 Metaspace       used 7312K, committed 7552K, reserved 1114112K
  class space    used 938K, committed 1024K, reserved 1048576K
}
Event: 0.815 GC heap after
{Heap after GC invocations=1 (full 0):
 garbage-first heap   total 129024K, used 9259K [0x0000000083600000, 0x0000000100000000)
  region size 1024K, 3 young (3072K), 3 survivors (3072K)
 Metaspace       used 7312K, committed 7552K, reserved 1114112K
  class space    used 938K, committed 1024K, reserved 1048576K
}
Event: 1.202 GC heap before
{Heap before GC invocations=1 (full 0):
 garbage-first heap   total 129024K, used 30763K [0x0000000083600000, 0x0000000100000000)
  region size 1024K, 24 young (24576K), 3 survivors (3072K)
 Metaspace       used 11739K, committed 12032K, reserved 1114112K
  class space    used 1657K, committed 1792K, reserved 1048576K
}
Event: 1.206 GC heap after
{Heap after GC invocations=2 (full 0):
 garbage-first heap   total 129024K, used 11048K [0x0000000083600000, 0x0000000100000000)
  region size 1024K, 2 young (2048K), 2 survivors (2048K)
 Metaspace       used 11739K, committed 12032K, reserved 1114112K
  class space    used 1657K, committed 1792K, reserved 1048576K
}
Event: 1.621 GC heap before
{Heap before GC invocations=2 (full 0):
 garbage-first heap   total 129024K, used 58152K [0x0000000083600000, 0x0000000100000000)
  region size 1024K, 49 young (50176K), 2 survivors (2048K)
 Metaspace       used 20594K, committed 20928K, reserved 1114112K
  class space    used 2805K, committed 2944K, reserved 1048576K
}
Event: 1.628 GC heap after
{Heap after GC invocations=3 (full 0):
 garbage-first heap   total 129024K, used 14896K [0x0000000083600000, 0x0000000100000000)
  region size 1024K, 6 young (6144K), 6 survivors (6144K)
 Metaspace       used 20594K, committed 20928K, reserved 1114112K
  class space    used 2805K, committed 2944K, reserved 1048576K
}
Event: 1.740 GC heap before
{Heap before GC invocations=3 (full 0):
 garbage-first heap   total 129024K, used 26160K [0x0000000083600000, 0x0000000100000000)
  region size 1024K, 18 young (18432K), 6 survivors (6144K)
 Metaspace       used 21165K, committed 21504K, reserved 1114112K
  class space    used 2893K, committed 3072K, reserved 1048576K
}
Event: 1.746 GC heap after
{Heap after GC invocations=4 (full 0):
 garbage-first heap   total 129024K, used 15517K [0x0000000083600000, 0x0000000100000000)
  region size 1024K, 5 young (5120K), 5 survivors (5120K)
 Metaspace       used 21165K, committed 21504K, reserved 1114112K
  class space    used 2893K, committed 3072K, reserved 1048576K
}
Event: 2.206 GC heap before
{Heap before GC invocations=5 (full 0):
 garbage-first heap   total 58368K, used 44189K [0x0000000083600000, 0x0000000100000000)
  region size 1024K, 34 young (34816K), 5 survivors (5120K)
 Metaspace       used 24747K, committed 25088K, reserved 1114112K
  class space    used 3475K, committed 3648K, reserved 1048576K
}
Event: 2.217 GC heap after
{Heap after GC invocations=6 (full 0):
 garbage-first heap   total 70656K, used 18218K [0x0000000083600000, 0x0000000100000000)
  region size 1024K, 4 young (4096K), 4 survivors (4096K)
 Metaspace       used 24747K, committed 25088K, reserved 1114112K
  class space    used 3475K, committed 3648K, reserved 1048576K
}
Event: 2.234 GC heap before
{Heap before GC invocations=6 (full 0):
 garbage-first heap   total 70656K, used 19242K [0x0000000083600000, 0x0000000100000000)
  region size 1024K, 5 young (5120K), 4 survivors (4096K)
 Metaspace       used 25033K, committed 25408K, reserved 1114112K
  class space    used 3515K, committed 3712K, reserved 1048576K
}
Event: 2.241 GC heap after
{Heap after GC invocations=7 (full 0):
 garbage-first heap   total 70656K, used 18368K [0x0000000083600000, 0x0000000100000000)
  region size 1024K, 1 young (1024K), 1 survivors (1024K)
 Metaspace       used 25033K, committed 25408K, reserved 1114112K
  class space    used 3515K, committed 3712K, reserved 1048576K
}
Event: 2.651 GC heap before
{Heap before GC invocations=7 (full 0):
 garbage-first heap   total 70656K, used 50112K [0x0000000083600000, 0x0000000100000000)
  region size 1024K, 32 young (32768K), 1 survivors (1024K)
 Metaspace       used 30010K, committed 30464K, reserved 1114112K
  class space    used 4177K, committed 4352K, reserved 1048576K
}
Event: 2.655 GC heap after
{Heap after GC invocations=8 (full 0):
 garbage-first heap   total 70656K, used 20072K [0x0000000083600000, 0x0000000100000000)
  region size 1024K, 3 young (3072K), 3 survivors (3072K)
 Metaspace       used 30010K, committed 30464K, reserved 1114112K
  class space    used 4177K, committed 4352K, reserved 1048576K
}
Event: 2.984 GC heap before
{Heap before GC invocations=8 (full 0):
 garbage-first heap   total 70656K, used 45672K [0x0000000083600000, 0x0000000100000000)
  region size 1024K, 29 young (29696K), 3 survivors (3072K)
 Metaspace       used 35674K, committed 36096K, reserved 1114112K
  class space    used 5132K, committed 5376K, reserved 1048576K
}
Event: 2.987 GC heap after
{Heap after GC invocations=9 (full 0):
 garbage-first heap   total 70656K, used 21088K [0x0000000083600000, 0x0000000100000000)
  region size 1024K, 4 young (4096K), 4 survivors (4096K)
 Metaspace       used 35674K, committed 36096K, reserved 1114112K
  class space    used 5132K, committed 5376K, reserved 1048576K
}
Event: 3.567 GC heap before
{Heap before GC invocations=10 (full 0):
 garbage-first heap   total 70656K, used 52832K [0x0000000083600000, 0x0000000100000000)
  region size 1024K, 35 young (35840K), 4 survivors (4096K)
 Metaspace       used 43145K, committed 43648K, reserved 1114112K
  class space    used 6098K, committed 6336K, reserved 1048576K
}

