<?xml version="1.0" encoding="UTF-8"?>
<testsuite xmlns:xsi="http://www.w3.org/2001/XMLSchema-instance" xsi:noNamespaceSchemaLocation="https://maven.apache.org/surefire/maven-surefire-plugin/xsd/surefire-test-report.xsd" version="3.0.2" name="uz.zafar.logisticsapplication.LogisticsApplicationTests" time="5.235" tests="1" errors="0" skipped="0" failures="0">
  <properties>
[...]
</properties>
  <testcase name="contextLoads" classname="uz.zafar.logisticsapplication.LogisticsApplicationTests" time="0.368">
    <system-out><![CDATA[08:33:52.299 [main] INFO org.springframework.test.context.support.AnnotationConfigContextLoaderUtils -- Could not detect default configuration classes for test class [uz.zafar.logisticsapplication.LogisticsApplicationTests]: LogisticsApplicationTests does not declare any static, non-private, non-final, nested classes annotated with @Configuration.
08:33:52.397 [main] INFO org.springframework.boot.test.context.SpringBootTestContextBootstrapper -- Found @SpringBootConfiguration uz.zafar.logisticsapplication.LogisticsApplication for test class uz.zafar.logisticsapplication.LogisticsApplicationTests

  .   ____          _            __ _ _
 /\\ / ___'_ __ _ _(_)_ __  __ _ \ \ \ \
( ( )\___ | '_ | '_| | '_ \/ _` | \ \ \ \
 \\/  ___)| |_)| | | | | || (_| |  ) ) ) )
  '  |____| .__|_| |_|_| |_\__, | / / / /
 =========|_|==============|___/=/_/_/_/

 :: Spring Boot ::                (v3.4.4)

2025-04-10T08:33:52.807+05:00  INFO 5876 --- [logisticsApplication] [           main] u.z.l.LogisticsApplicationTests          : Starting LogisticsApplicationTests using Java 17.0.14 with PID 5876 (started by Farobiy students in C:\Users\Farobiy students\Desktop\zafar projectsa\add git for put to server\logistic-bot-appication-in-springboot)
2025-04-10T08:33:52.808+05:00  INFO 5876 --- [logisticsApplication] [           main] u.z.l.LogisticsApplicationTests          : No active profile set, falling back to 1 default profile: "default"
2025-04-10T08:33:53.367+05:00  INFO 5876 --- [logisticsApplication] [           main] .s.d.r.c.RepositoryConfigurationDelegate : Bootstrapping Spring Data JPA repositories in DEFAULT mode.
2025-04-10T08:33:53.437+05:00  INFO 5876 --- [logisticsApplication] [           main] .s.d.r.c.RepositoryConfigurationDelegate : Finished Spring Data repository scanning in 62 ms. Found 6 JPA repository interfaces.
2025-04-10T08:33:53.846+05:00  INFO 5876 --- [logisticsApplication] [           main] o.hibernate.jpa.internal.util.LogHelper  : HHH000204: Processing PersistenceUnitInfo [name: default]
2025-04-10T08:33:53.898+05:00  INFO 5876 --- [logisticsApplication] [           main] org.hibernate.Version                    : HHH000412: Hibernate ORM core version 6.6.11.Final
2025-04-10T08:33:53.931+05:00  INFO 5876 --- [logisticsApplication] [           main] o.h.c.internal.RegionFactoryInitiator    : HHH000026: Second-level cache disabled
2025-04-10T08:33:54.213+05:00  INFO 5876 --- [logisticsApplication] [           main] o.s.o.j.p.SpringPersistenceUnitInfo      : No LoadTimeWeaver setup: ignoring JPA class transformer
2025-04-10T08:33:54.238+05:00  INFO 5876 --- [logisticsApplication] [           main] com.zaxxer.hikari.HikariDataSource       : HikariPool-1 - Starting...
2025-04-10T08:33:54.431+05:00  INFO 5876 --- [logisticsApplication] [           main] com.zaxxer.hikari.pool.HikariPool        : HikariPool-1 - Added connection org.postgresql.jdbc.PgConnection@2c6927f0
2025-04-10T08:33:54.433+05:00  INFO 5876 --- [logisticsApplication] [           main] com.zaxxer.hikari.HikariDataSource       : HikariPool-1 - Start completed.
2025-04-10T08:33:54.494+05:00  INFO 5876 --- [logisticsApplication] [           main] org.hibernate.orm.connections.pooling    : HHH10001005: Database info:
	Database JDBC URL [Connecting through datasource 'HikariDataSource (HikariPool-1)']
	Database driver: undefined/unknown
	Database version: 17.4
	Autocommit mode: undefined/unknown
	Isolation level: undefined/unknown
	Minimum pool size: undefined/unknown
	Maximum pool size: undefined/unknown
2025-04-10T08:33:55.225+05:00  INFO 5876 --- [logisticsApplication] [           main] o.h.e.t.j.p.i.JtaPlatformInitiator       : HHH000489: No JTA platform available (set 'hibernate.transaction.jta.platform' to enable JTA platform integration)
2025-04-10T08:33:55.270+05:00  INFO 5876 --- [logisticsApplication] [           main] j.LocalContainerEntityManagerFactoryBean : Initialized JPA EntityManagerFactory for persistence unit 'default'
2025-04-10T08:33:55.966+05:00  WARN 5876 --- [logisticsApplication] [           main] JpaBaseConfiguration$JpaWebConfiguration : spring.jpa.open-in-view is enabled by default. Therefore, database queries may be performed during view rendering. Explicitly configure spring.jpa.open-in-view to disable this warning
2025-04-10T08:33:56.023+05:00  INFO 5876 --- [logisticsApplication] [           main] o.s.v.b.OptionalValidatorFactoryBean     : Failed to set up a Bean Validation provider: jakarta.validation.NoProviderFoundException: Unable to create a Configuration, because no Jakarta Bean Validation provider could be found. Add a provider like Hibernate Validator (RI) to your classpath.
2025-04-10T08:33:57.036+05:00  INFO 5876 --- [logisticsApplication] [           main] u.z.l.LogisticsApplicationTests          : Started LogisticsApplicationTests in 4.497 seconds (process running for 5.455)
]]></system-out>
  </testcase>
</testsuite>