<?xml version="1.0" encoding="UTF-8"?>
<testsuite xmlns:xsi="http://www.w3.org/2001/XMLSchema-instance" xsi:noNamespaceSchemaLocation="https://maven.apache.org/surefire/maven-surefire-plugin/xsd/surefire-test-report.xsd" version="3.0.2" name="uz.zafar.logisticsapplication.LogisticsApplicationTests" time="6.838" tests="1" errors="0" skipped="0" failures="0">
  <properties>
[...]
</properties>
  <testcase name="contextLoads" classname="uz.zafar.logisticsapplication.LogisticsApplicationTests" time="0.501">
    <system-out><![CDATA[05:50:48.880 [main] INFO org.springframework.test.context.support.AnnotationConfigContextLoaderUtils -- Could not detect default configuration classes for test class [uz.zafar.logisticsapplication.LogisticsApplicationTests]: LogisticsApplicationTests does not declare any static, non-private, non-final, nested classes annotated with @Configuration.
05:50:48.995 [main] INFO org.springframework.boot.test.context.SpringBootTestContextBootstrapper -- Found @SpringBootConfiguration uz.zafar.logisticsapplication.LogisticsApplication for test class uz.zafar.logisticsapplication.LogisticsApplicationTests

  .   ____          _            __ _ _
 /\\ / ___'_ __ _ _(_)_ __  __ _ \ \ \ \
( ( )\___ | '_ | '_| | '_ \/ _` | \ \ \ \
 \\/  ___)| |_)| | | | | || (_| |  ) ) ) )
  '  |____| .__|_| |_|_| |_\__, | / / / /
 =========|_|==============|___/=/_/_/_/

 :: Spring Boot ::                (v3.4.4)

2025-03-29T05:50:49.492+05:00  INFO 4984 --- [logisticsApplication] [           main] u.z.l.LogisticsApplicationTests          : Starting LogisticsApplicationTests using Java 17.0.14 with PID 4984 (started by user in C:\Users\user\Desktop\git folders\logistic-bot-appication-in-springboot)
2025-03-29T05:50:49.492+05:00  INFO 4984 --- [logisticsApplication] [           main] u.z.l.LogisticsApplicationTests          : No active profile set, falling back to 1 default profile: "default"
2025-03-29T05:50:50.608+05:00  INFO 4984 --- [logisticsApplication] [           main] .s.d.r.c.RepositoryConfigurationDelegate : Bootstrapping Spring Data JPA repositories in DEFAULT mode.
2025-03-29T05:50:50.686+05:00  INFO 4984 --- [logisticsApplication] [           main] .s.d.r.c.RepositoryConfigurationDelegate : Finished Spring Data repository scanning in 68 ms. Found 6 JPA repository interfaces.
2025-03-29T05:50:51.190+05:00  INFO 4984 --- [logisticsApplication] [           main] o.hibernate.jpa.internal.util.LogHelper  : HHH000204: Processing PersistenceUnitInfo [name: default]
2025-03-29T05:50:51.284+05:00  INFO 4984 --- [logisticsApplication] [           main] org.hibernate.Version                    : HHH000412: Hibernate ORM core version 6.6.11.Final
2025-03-29T05:50:51.332+05:00  INFO 4984 --- [logisticsApplication] [           main] o.h.c.internal.RegionFactoryInitiator    : HHH000026: Second-level cache disabled
2025-03-29T05:50:51.694+05:00  INFO 4984 --- [logisticsApplication] [           main] o.s.o.j.p.SpringPersistenceUnitInfo      : No LoadTimeWeaver setup: ignoring JPA class transformer
2025-03-29T05:50:51.725+05:00  INFO 4984 --- [logisticsApplication] [           main] com.zaxxer.hikari.HikariDataSource       : HikariPool-1 - Starting...
2025-03-29T05:50:51.951+05:00  INFO 4984 --- [logisticsApplication] [           main] com.zaxxer.hikari.pool.HikariPool        : HikariPool-1 - Added connection org.postgresql.jdbc.PgConnection@38d525aa
2025-03-29T05:50:51.966+05:00  INFO 4984 --- [logisticsApplication] [           main] com.zaxxer.hikari.HikariDataSource       : HikariPool-1 - Start completed.
2025-03-29T05:50:52.062+05:00  INFO 4984 --- [logisticsApplication] [           main] org.hibernate.orm.connections.pooling    : HHH10001005: Database info:
	Database JDBC URL [Connecting through datasource 'HikariDataSource (HikariPool-1)']
	Database driver: undefined/unknown
	Database version: 16.2
	Autocommit mode: undefined/unknown
	Isolation level: undefined/unknown
	Minimum pool size: undefined/unknown
	Maximum pool size: undefined/unknown
2025-03-29T05:50:52.933+05:00  INFO 4984 --- [logisticsApplication] [           main] o.h.e.t.j.p.i.JtaPlatformInitiator       : HHH000489: No JTA platform available (set 'hibernate.transaction.jta.platform' to enable JTA platform integration)
2025-03-29T05:50:52.995+05:00  INFO 4984 --- [logisticsApplication] [           main] j.LocalContainerEntityManagerFactoryBean : Initialized JPA EntityManagerFactory for persistence unit 'default'
2025-03-29T05:50:53.796+05:00  WARN 4984 --- [logisticsApplication] [           main] JpaBaseConfiguration$JpaWebConfiguration : spring.jpa.open-in-view is enabled by default. Therefore, database queries may be performed during view rendering. Explicitly configure spring.jpa.open-in-view to disable this warning
2025-03-29T05:50:53.861+05:00  INFO 4984 --- [logisticsApplication] [           main] o.s.v.b.OptionalValidatorFactoryBean     : Failed to set up a Bean Validation provider: jakarta.validation.NoProviderFoundException: Unable to create a Configuration, because no Jakarta Bean Validation provider could be found. Add a provider like Hibernate Validator (RI) to your classpath.
2025-03-29T05:50:55.066+05:00  INFO 4984 --- [logisticsApplication] [           main] u.z.l.LogisticsApplicationTests          : Started LogisticsApplicationTests in 5.867 seconds (process running for 6.993)
]]></system-out>
  </testcase>
</testsuite>